[ERROR] 13:00:40:903 file-system/(6287:6287): Error al generar archivo de config
[ERROR] 13:01:19:277 file-system/(6398:6398): Error al generar archivo de config
[ERROR] 13:03:41:947 file-system/(6849:6849): Error al generar archivo de config
[ERROR] 13:08:13:208 file-system/(7012:7012): Error al generar archivo de config
[ERROR] 13:14:10:490 file-system/(7237:7237): Error al generar archivo de config
[ERROR] 13:20:05:247 file-system/(7989:7989): Error al generar archivo de config
[ERROR] 13:20:23:405 file-system/(8086:8086): Error al generar archivo de config
[ERROR] 13:21:46:816 file-system/(8150:8150): Error al generar archivo de config
[ERROR] 13:22:04:812 file-system/(8242:8242): Error al generar archivo de config
[ERROR] 13:25:32:736 file-system/(8332:8332): Error al generar archivo de config
[ERROR] 13:36:14:326 file-system/(8528:8528): Error al generar archivo de config
[ERROR] 13:47:37:438 file-system/(8902:8902): Error al generar archivo de config
[ERROR] 13:51:59:759 file-system/(9056:9056): Error al generar archivo de config
[ERROR] 14:02:09:412 file-system/(9944:9944): Error al generar archivo de config
[INFO] 14:08:08:096 file-system/(10613:10613): Vamos bien por ahora
[INFO] 14:08:08:098 file-system/(10613:10613): Servidor listo para recibir al cliente
[INFO] 14:22:40:749 file-system/(12195:12195): Vamos bien por ahora
[INFO] 14:22:40:752 file-system/(12195:12195): Servidor listo para recibir al cliente
[INFO] 14:28:08:781 file-system/(12481:12481): conexion realizaDa
[INFO] 14:28:08:783 file-system/(12481:12481): Vamos bien por ahora
[INFO] 14:28:08:785 file-system/(12481:12481): Servidor listo para recibir al cliente
[INFO] 15:57:51:861 file-system/(7805:7805): Vamos bien por ahora
[INFO] 15:57:51:864 file-system/(7805:7805): Servidor listo para recibir al cliente
[INFO] 16:01:57:265 file-system/(7805:7805): Se conecto un cliente!
[INFO] 16:01:57:273 file-system/(7805:7805): Me llegaron los siguientes valores:

[INFO] 16:53:37:851 file-system/(10840:10840): Se han creado conexiones pertinentes
[INFO] 16:54:43:170 file-system/(10916:10916): Se han creado conexiones pertinentes
[INFO] 17:14:07:637 file-system/(11390:11390): Se han creado conexiones pertinentes
[INFO] 17:15:06:103 file-system/(11651:11651): Se han creado conexiones pertinentes
[INFO] 17:16:26:284 file-system/(11802:11802): Se han creado conexiones pertinentes
[INFO] 17:17:34:224 file-system/(11988:11988): Se han creado conexiones pertinentes
[INFO] 17:21:41:051 file-system/(12331:12331): Se han creado conexiones pertinentes
[INFO] 17:22:23:579 file-system/(12484:12484): Se han creado conexiones pertinentes
[INFO] 17:23:00:059 file-system/(12712:12712): Se han creado conexiones pertinentes
[INFO] 17:23:21:597 file-system/(12837:12837): Se han creado conexiones pertinentes
[INFO] 17:23:32:024 file-system/(12937:12937): Se han creado conexiones pertinentes
[INFO] 17:30:35:739 file-system/(13532:13532): Se han creado conexiones pertinentes
